c:\users\asus-pc\documents\visual studio 2013\projects\贪吃蛇1.0\贪吃蛇1.0\debug\贪吃蛇1.0.pch
c:\users\asus-pc\documents\visual studio 2013\projects\贪吃蛇1.0\贪吃蛇1.0\debug\vc120.pdb
c:\users\asus-pc\documents\visual studio 2013\projects\贪吃蛇1.0\贪吃蛇1.0\debug\vc120.idb
c:\users\asus-pc\documents\visual studio 2013\projects\贪吃蛇1.0\贪吃蛇1.0\debug\stdafx.obj
c:\users\asus-pc\documents\visual studio 2013\projects\贪吃蛇1.0\贪吃蛇1.0\debug\mainfrm.obj
c:\users\asus-pc\documents\visual studio 2013\projects\贪吃蛇1.0\贪吃蛇1.0\debug\贪吃蛇1.0.obj
c:\users\asus-pc\documents\visual studio 2013\projects\贪吃蛇1.0\贪吃蛇1.0\debug\贪吃蛇1.0doc.obj
c:\users\asus-pc\documents\visual studio 2013\projects\贪吃蛇1.0\贪吃蛇1.0\debug\贪吃蛇1.0view.obj
c:\users\asus-pc\documents\visual studio 2013\projects\贪吃蛇1.0\debug\贪吃蛇1.0.ilk
c:\users\asus-pc\documents\visual studio 2013\projects\贪吃蛇1.0\debug\贪吃蛇1.0.exe
c:\users\asus-pc\documents\visual studio 2013\projects\贪吃蛇1.0\debug\贪吃蛇1.0.pdb
c:\users\asus-pc\documents\visual studio 2013\projects\贪吃蛇1.0\贪吃蛇1.0\debug\贪吃蛇1.0.res
c:\users\asus-pc\documents\visual studio 2013\projects\贪吃蛇1.0\贪吃蛇1.0\debug\贪吃蛇1.0.tlog\cl.command.1.tlog
c:\users\asus-pc\documents\visual studio 2013\projects\贪吃蛇1.0\贪吃蛇1.0\debug\贪吃蛇1.0.tlog\cl.read.1.tlog
c:\users\asus-pc\documents\visual studio 2013\projects\贪吃蛇1.0\贪吃蛇1.0\debug\贪吃蛇1.0.tlog\cl.write.1.tlog
c:\users\asus-pc\documents\visual studio 2013\projects\贪吃蛇1.0\贪吃蛇1.0\debug\贪吃蛇1.0.tlog\link.command.1.tlog
c:\users\asus-pc\documents\visual studio 2013\projects\贪吃蛇1.0\贪吃蛇1.0\debug\贪吃蛇1.0.tlog\link.read.1.tlog
c:\users\asus-pc\documents\visual studio 2013\projects\贪吃蛇1.0\贪吃蛇1.0\debug\贪吃蛇1.0.tlog\link.write.1.tlog
c:\users\asus-pc\documents\visual studio 2013\projects\贪吃蛇1.0\贪吃蛇1.0\debug\贪吃蛇1.0.tlog\rc.command.1.tlog
c:\users\asus-pc\documents\visual studio 2013\projects\贪吃蛇1.0\贪吃蛇1.0\debug\贪吃蛇1.0.tlog\rc.read.1.tlog
c:\users\asus-pc\documents\visual studio 2013\projects\贪吃蛇1.0\贪吃蛇1.0\debug\贪吃蛇1.0.tlog\rc.write.1.tlog
